<?xml version="1.0" encoding="UTF-8"?>
<!-- Generated by org.testng.reporters.JUnitXMLReporter -->
<testsuite hostname="RtySatiz.local" ignored="0" name="Default test" tests="8" failures="0" timestamp="08 Mar 2020 05:29:11 GMT" time="0.055" errors="0">
  <testcase name="@BeforeClass startDriver" time="0.011" classname="com.disney.coding.WelcomePage">
    <failure type="java.lang.Exception" message="Invalid browser type passed">
      <![CDATA[java.lang.Exception: Invalid browser type passed
at com.disney.coding.WelcomePage.startDriver(WelcomePage.java:63)
at sun.reflect.NativeMethodAccessorImpl.invoke0(Native Method)
at sun.reflect.NativeMethodAccessorImpl.invoke(NativeMethodAccessorImpl.java:62)
at sun.reflect.DelegatingMethodAccessorImpl.invoke(DelegatingMethodAccessorImpl.java:43)
at java.lang.reflect.Method.invoke(Method.java:498)
at org.testng.internal.MethodInvocationHelper.invokeMethod(MethodInvocationHelper.java:124)
at org.testng.internal.MethodInvocationHelper.invokeMethodConsideringTimeout(MethodInvocationHelper.java:59)
at org.testng.internal.Invoker.invokeConfigurationMethod(Invoker.java:458)
at org.testng.internal.Invoker.invokeConfigurations(Invoker.java:222)
at org.testng.internal.Invoker.invokeConfigurations(Invoker.java:142)
at org.testng.internal.TestMethodWorker.invokeBeforeClassMethods(TestMethodWorker.java:168)
at org.testng.internal.TestMethodWorker.run(TestMethodWorker.java:105)
at org.testng.TestRunner.privateRun(TestRunner.java:648)
at org.testng.TestRunner.run(TestRunner.java:505)
at org.testng.SuiteRunner.runTest(SuiteRunner.java:455)
at org.testng.SuiteRunner.runSequentially(SuiteRunner.java:450)
at org.testng.SuiteRunner.privateRun(SuiteRunner.java:415)
at org.testng.SuiteRunner.run(SuiteRunner.java:364)
at org.testng.SuiteRunnerWorker.runSuite(SuiteRunnerWorker.java:52)
at org.testng.SuiteRunnerWorker.run(SuiteRunnerWorker.java:84)
at org.testng.TestNG.runSuitesSequentially(TestNG.java:1208)
at org.testng.TestNG.runSuitesLocally(TestNG.java:1137)
at org.testng.TestNG.runSuites(TestNG.java:1049)
at org.testng.TestNG.run(TestNG.java:1017)
at org.testng.remote.AbstractRemoteTestNG.run(AbstractRemoteTestNG.java:114)
at org.testng.remote.RemoteTestNG.initAndRun(RemoteTestNG.java:251)
at org.testng.remote.RemoteTestNG.main(RemoteTestNG.java:77)
]]>
    </failure>
  </testcase> <!-- @BeforeClass startDriver -->
  <testcase name="openDisneyHomePage" time="0.0" classname="com.disney.coding.WelcomePage">
    <skipped/>
  </testcase> <!-- openDisneyHomePage -->
  <testcase name="closeOverlay" time="0.0" classname="com.disney.coding.WelcomePage">
    <skipped/>
  </testcase> <!-- closeOverlay -->
  <testcase name="clickItem" time="0.0" classname="com.disney.coding.WelcomePage">
    <skipped/>
  </testcase> <!-- clickItem -->
  <testcase name="createAccount" time="0.0" classname="com.disney.coding.WelcomePage">
    <skipped/>
  </testcase> <!-- createAccount -->
  <testcase name="selectSectionInfo" time="0.0" classname="com.disney.coding.WelcomePage">
    <skipped/>
  </testcase> <!-- selectSectionInfo -->
  <testcase name="logout" time="0.0" classname="com.disney.coding.WelcomePage">
    <skipped/>
  </testcase> <!-- logout -->
  <testcase name="loginUsingExcelData" time="0.0" classname="com.disney.coding.WelcomePage">
    <skipped/>
  </testcase> <!-- loginUsingExcelData -->
  <testcase name="ListDropDown" time="0.0" classname="com.disney.coding.WelcomePage">
    <skipped/>
  </testcase> <!-- ListDropDown -->
</testsuite> <!-- Default test -->
